  cell.cpp
  functions.cpp
d:\programms\vs\sfml\sfml\functions.cpp(13): warning C4018: <: несоответствие типов со знаком и без знака
d:\programms\vs\sfml\sfml\functions.cpp(28): warning C4018: <: несоответствие типов со знаком и без знака
d:\programms\vs\sfml\sfml\functions.cpp(30): warning C4018: <: несоответствие типов со знаком и без знака
d:\programms\vs\sfml\sfml\functions.cpp(100): warning C4018: <: несоответствие типов со знаком и без знака
d:\programms\vs\sfml\sfml\functions.cpp(117): warning C4018: <: несоответствие типов со знаком и без знака
d:\programms\vs\sfml\sfml\functions.cpp(137): warning C4018: <: несоответствие типов со знаком и без знака
d:\programms\vs\sfml\sfml\functions.cpp(212): warning C4018: <: несоответствие типов со знаком и без знака
d:\programms\vs\sfml\sfml\functions.cpp(265): warning C4018: <: несоответствие типов со знаком и без знака
d:\programms\vs\sfml\sfml\functions.cpp(319): warning C4018: <: несоответствие типов со знаком и без знака
d:\programms\vs\sfml\sfml\functions.cpp(323): warning C4018: <: несоответствие типов со знаком и без знака
  main.cpp
d:\programms\vs\sfml\sfml\pvp.h(37): warning C4244: аргумент: преобразование "int" в "float", возможна потеря данных
d:\programms\vs\sfml\sfml\pvp.h(52): warning C4244: инициализация: преобразование "T" в "int", возможна потеря данных
          with
          [
              T=float
          ]
d:\programms\vs\sfml\sfml\pvp.h(53): warning C4244: инициализация: преобразование "T" в "int", возможна потеря данных
          with
          [
              T=float
          ]
d:\programms\vs\sfml\sfml\pvp.h(62): warning C4804: -=: небезопасное использование типа "bool" в операции
d:\programms\vs\sfml\sfml\pvp.h(73): warning C4804: -=: небезопасное использование типа "bool" в операции
d:\programms\vs\sfml\sfml\pvp.h(80): warning C4018: <: несоответствие типов со знаком и без знака
d:\programms\vs\sfml\sfml\pvp.h(83): warning C4244: аргумент: преобразование "int" в "float", возможна потеря данных
d:\programms\vs\sfml\sfml\pvp.h(87): warning C4018: <: несоответствие типов со знаком и без знака
d:\programms\vs\sfml\sfml\pvp.h(90): warning C4244: аргумент: преобразование "int" в "float", возможна потеря данных
d:\programms\vs\sfml\sfml\pve.h(43): warning C4804: -=: небезопасное использование типа "bool" в операции
d:\programms\vs\sfml\sfml\pve.h(52): warning C4244: инициализация: преобразование "T" в "int", возможна потеря данных
          with
          [
              T=float
          ]
d:\programms\vs\sfml\sfml\pve.h(53): warning C4244: инициализация: преобразование "T" в "int", возможна потеря данных
          with
          [
              T=float
          ]
d:\programms\vs\sfml\sfml\pve.h(59): warning C4804: -=: небезопасное использование типа "bool" в операции
d:\programms\vs\sfml\sfml\pve.h(75): warning C4244: аргумент: преобразование "int" в "float", возможна потеря данных
d:\programms\vs\sfml\sfml\pve.h(79): warning C4018: <: несоответствие типов со знаком и без знака
d:\programms\vs\sfml\sfml\pve.h(82): warning C4244: аргумент: преобразование "int" в "float", возможна потеря данных
d:\programms\vs\sfml\sfml\pve.h(86): warning C4018: <: несоответствие типов со знаком и без знака
d:\programms\vs\sfml\sfml\pve.h(89): warning C4244: аргумент: преобразование "int" в "float", возможна потеря данных
  Создание кода
  33 of 260 functions (12.7%) were compiled, the rest were copied from previous compilation.
    1 functions were new in current compilation
    13 functions had inline decision re-evaluated but remain unchanged
  Создание кода завершено
  sfml.vcxproj -> D:\Programms\VS\sfml\Release\sfml.exe
